<?xml version="1.0" encoding="UTF-8"?>
<!-- Generated by org.testng.reporters.JUnitXMLReporter -->
<testsuite hostname="PC393650" ignored="1" name="Test" tests="3" failures="0" timestamp="28 Sep 2018 09:20:08 GMT" time="0.049" errors="0">
  <testcase name="method1" time="0.011" classname="trainingTestNG.ClassTest1"/>
  <testcase name="method2" time="0.003" classname="trainingTestNG.ClassTest2"/>
  <testcase name="method3" time="0.002" classname="trainingTestNG.ClassTest2"/>
  <testcase name="method2" time="0.0" classname="trainingTestNG.ClassTest1">
    <ignored/>
  </testcase> <!-- method2 -->
</testsuite> <!-- Test -->
