<?xml version="1.0" encoding="UTF-8"?>
<testng-results skipped="0" failed="0" ignored="1" total="4" passed="3">
  <reporter-output>
  </reporter-output>
  <suite name="Suite" duration-ms="49" started-at="2018-09-28T09:20:08Z" finished-at="2018-09-28T09:20:08Z">
    <groups>
      <group name="Sanity">
        <method signature="ClassTest1.method1(java.lang.String)[pri:0, instance:trainingTestNG.ClassTest1@9629756]" name="method1" class="trainingTestNG.ClassTest1"/>
      </group> <!-- Sanity -->
      <group name="Regression">
        <method signature="ClassTest1.method1(java.lang.String)[pri:0, instance:trainingTestNG.ClassTest1@9629756]" name="method1" class="trainingTestNG.ClassTest1"/>
        <method signature="ClassTest2.method2(java.lang.String)[pri:1, instance:trainingTestNG.ClassTest2@396a51ab]" name="method2" class="trainingTestNG.ClassTest2"/>
        <method signature="ClassTest2.method3(java.lang.String)[pri:2, instance:trainingTestNG.ClassTest2@396a51ab]" name="method3" class="trainingTestNG.ClassTest2"/>
      </group> <!-- Regression -->
    </groups>
    <test name="Test" duration-ms="49" started-at="2018-09-28T09:20:08Z" finished-at="2018-09-28T09:20:08Z">
      <class name="trainingTestNG.ClassTest1">
        <test-method status="PASS" signature="method1(java.lang.String)[pri:0, instance:trainingTestNG.ClassTest1@9629756]" name="method1" duration-ms="11" started-at="2018-09-28T09:20:08Z" finished-at="2018-09-28T09:20:08Z">
          <params>
            <param index="0">
              <value>
                <![CDATA[Test123]]>
              </value>
            </param>
          </params>
          <reporter-output>
          </reporter-output>
        </test-method> <!-- method1 -->
      </class> <!-- trainingTestNG.ClassTest1 -->
      <class name="trainingTestNG.ClassTest2">
        <test-method status="PASS" signature="method2(java.lang.String)[pri:1, instance:trainingTestNG.ClassTest2@396a51ab]" name="method2" duration-ms="3" started-at="2018-09-28T09:20:08Z" finished-at="2018-09-28T09:20:08Z">
          <params>
            <param index="0">
              <value>
                <![CDATA[Test123]]>
              </value>
            </param>
          </params>
          <reporter-output>
          </reporter-output>
        </test-method> <!-- method2 -->
        <test-method status="PASS" signature="method3(java.lang.String)[pri:2, instance:trainingTestNG.ClassTest2@396a51ab]" name="method3" duration-ms="2" started-at="2018-09-28T09:20:08Z" finished-at="2018-09-28T09:20:08Z">
          <params>
            <param index="0">
              <value>
                <![CDATA[Test123]]>
              </value>
            </param>
          </params>
          <reporter-output>
          </reporter-output>
        </test-method> <!-- method3 -->
      </class> <!-- trainingTestNG.ClassTest2 -->
    </test> <!-- Test -->
  </suite> <!-- Suite -->
</testng-results>
